<?xml version="1.0" encoding="UTF-8"?>
<testng-results total="1" passed="1" failed="0" skipped="0">
  <reporter-output>
  </reporter-output>
  <suite started-at="2021-03-22T20:49:51Z" name="Surefire suite" finished-at="2021-03-22T20:49:51Z" duration-ms="55">
    <groups>
    </groups>
    <test started-at="2021-03-22T20:49:51Z" name="Surefire test" finished-at="2021-03-22T20:49:51Z" duration-ms="55">
      <class name="NewPack.MavenPro.AppTest">
        <test-method signature="shouldAnswerWithTrue()[pri:0, instance:shouldAnswerWithTrue(NewPack.MavenPro.AppTest)]" started-at="2021-03-23T02:19:51Z" name="shouldAnswerWithTrue" finished-at="2021-03-23T02:19:51Z" duration-ms="2" status="PASS">
          <reporter-output>
          </reporter-output>
        </test-method> <!-- shouldAnswerWithTrue -->
      </class> <!-- NewPack.MavenPro.AppTest -->
    </test> <!-- Surefire test -->
  </suite> <!-- Surefire suite -->
</testng-results>
