<?xml version="1.0" encoding="UTF-8"?>
<testng-results ignored="0" total="1" passed="1" failed="0" skipped="0">
  <reporter-output>
  </reporter-output>
  <suite started-at="2021-03-26T14:14:01 IST" name="Default suite" finished-at="2021-03-26T14:14:13 IST" duration-ms="12352">
    <groups>
    </groups>
    <test started-at="2021-03-26T14:14:01 IST" name="Default test" finished-at="2021-03-26T14:14:13 IST" duration-ms="12352">
      <class name="Package.inttest">
        <test-method is-config="true" signature="Bsuite()[pri:0, instance:Package.inttest@1fb700ee]" started-at="2021-03-26T14:14:00 IST" name="Bsuite" finished-at="2021-03-26T14:14:01 IST" duration-ms="444" status="PASS">
          <reporter-output>
          </reporter-output>
        </test-method> <!-- Bsuite -->
        <test-method signature="sendkudo()[pri:0, instance:Package.inttest@1fb700ee]" started-at="2021-03-26T14:14:01 IST" name="sendkudo" finished-at="2021-03-26T14:14:13 IST" duration-ms="12317" status="PASS">
          <reporter-output>
          </reporter-output>
        </test-method> <!-- sendkudo -->
      </class> <!-- Package.inttest -->
    </test> <!-- Default test -->
  </suite> <!-- Default suite -->
</testng-results>
